2020-05-27 15:11:29.507  INFO 17840 --- [main] com.aisc.order.CrxOrderApplication       : Starting CrxOrderApplication on LAPTOP-R208FH7B with PID 17840 (D:\stydy\studyCode\crx\crx-order\target\classes started by 11433 in D:\stydy\studyCode\crx)
2020-05-27 15:11:29.510  INFO 17840 --- [main] com.aisc.order.CrxOrderApplication       : No active profile set, falling back to default profiles: default
2020-05-27 15:11:30.286  WARN 17840 --- [main] t.m.s.mapper.ClassPathMapperScanner      : No MyBatis mapper was found in '[com.aisc.order]' package. Please check your configuration.
2020-05-27 15:11:30.293  WARN 17840 --- [main] o.m.s.mapper.ClassPathMapperScanner      : No MyBatis mapper was found in '[com.aisc.order]' package. Please check your configuration.
2020-05-27 15:11:30.915  INFO 17840 --- [main] o.s.b.w.embedded.tomcat.TomcatWebServer  : Tomcat initialized with port(s): 8080 (http)
2020-05-27 15:11:30.927  INFO 17840 --- [main] o.apache.catalina.core.StandardService   : Starting service [Tomcat]
2020-05-27 15:11:30.927  INFO 17840 --- [main] org.apache.catalina.core.StandardEngine  : Starting Servlet engine: [Apache Tomcat/9.0.35]
2020-05-27 15:11:31.050  INFO 17840 --- [main] o.a.c.c.C.[Tomcat].[localhost].[/]       : Initializing Spring embedded WebApplicationContext
2020-05-27 15:11:31.050  INFO 17840 --- [main] o.s.web.context.ContextLoader            : Root WebApplicationContext: initialization completed in 1489 ms
2020-05-27 15:11:31.283  INFO 17840 --- [main] o.s.s.concurrent.ThreadPoolTaskExecutor  : Initializing ExecutorService 'applicationTaskExecutor'
2020-05-27 15:11:31.466  INFO 17840 --- [main] c.a.d.s.b.a.DruidDataSourceAutoConfigure : Init DruidDataSource
2020-05-27 15:11:31.570  INFO 17840 --- [main] com.alibaba.druid.pool.DruidDataSource   : {dataSource-1} inited
2020-05-27 15:11:31.589  INFO 17840 --- [main] t.m.m.autoconfigure.MapperCacheDisabler  : Clear tk.mybatis.mapper.util.MsUtil CLASS_CACHE cache.
2020-05-27 15:11:31.589  INFO 17840 --- [main] t.m.m.autoconfigure.MapperCacheDisabler  : Clear tk.mybatis.mapper.genid.GenIdUtil CACHE cache.
2020-05-27 15:11:31.590  INFO 17840 --- [main] t.m.m.autoconfigure.MapperCacheDisabler  : Clear tk.mybatis.mapper.version.VersionUtil CACHE cache.
2020-05-27 15:11:31.597  INFO 17840 --- [main] t.m.m.autoconfigure.MapperCacheDisabler  : Clear EntityHelper entityTableMap cache.
2020-05-27 15:11:31.940  INFO 17840 --- [main] o.s.b.w.embedded.tomcat.TomcatWebServer  : Tomcat started on port(s): 8080 (http) with context path ''
2020-05-27 15:11:31.950  INFO 17840 --- [main] com.aisc.order.CrxOrderApplication       : Started CrxOrderApplication in 3.074 seconds (JVM running for 7.059)
2020-05-27 15:12:55.769  INFO 17840 --- [SpringContextShutdownHook] com.alibaba.druid.pool.DruidDataSource   : {dataSource-1} closed
2020-05-27 15:12:55.769  INFO 17840 --- [SpringContextShutdownHook] o.s.s.concurrent.ThreadPoolTaskExecutor  : Shutting down ExecutorService 'applicationTaskExecutor'
2020-05-27 15:13:08.742  INFO 9912 --- [main] com.aisc.order.CrxOrderApplication       : Starting CrxOrderApplication on LAPTOP-R208FH7B with PID 9912 (D:\stydy\studyCode\crx\crx-order\target\classes started by 11433 in D:\stydy\studyCode\crx)
2020-05-27 15:13:08.745  INFO 9912 --- [main] com.aisc.order.CrxOrderApplication       : No active profile set, falling back to default profiles: default
2020-05-27 15:13:09.697  WARN 9912 --- [main] t.m.s.mapper.ClassPathMapperScanner      : No MyBatis mapper was found in '[com.aisc.order]' package. Please check your configuration.
2020-05-27 15:13:09.704  WARN 9912 --- [main] o.m.s.mapper.ClassPathMapperScanner      : No MyBatis mapper was found in '[com.aisc.order]' package. Please check your configuration.
2020-05-27 15:13:10.263  INFO 9912 --- [main] o.s.b.w.embedded.tomcat.TomcatWebServer  : Tomcat initialized with port(s): 8080 (http)
2020-05-27 15:13:10.274  INFO 9912 --- [main] o.apache.catalina.core.StandardService   : Starting service [Tomcat]
2020-05-27 15:13:10.274  INFO 9912 --- [main] org.apache.catalina.core.StandardEngine  : Starting Servlet engine: [Apache Tomcat/9.0.35]
2020-05-27 15:13:10.385  INFO 9912 --- [main] o.a.c.c.C.[Tomcat].[localhost].[/]       : Initializing Spring embedded WebApplicationContext
2020-05-27 15:13:10.385  INFO 9912 --- [main] o.s.web.context.ContextLoader            : Root WebApplicationContext: initialization completed in 1573 ms
2020-05-27 15:13:10.592  INFO 9912 --- [main] o.s.s.concurrent.ThreadPoolTaskExecutor  : Initializing ExecutorService 'applicationTaskExecutor'
2020-05-27 15:13:10.748  INFO 9912 --- [main] c.a.d.s.b.a.DruidDataSourceAutoConfigure : Init DruidDataSource
2020-05-27 15:13:10.844  INFO 9912 --- [main] com.alibaba.druid.pool.DruidDataSource   : {dataSource-1} inited
2020-05-27 15:13:10.864  INFO 9912 --- [main] t.m.m.autoconfigure.MapperCacheDisabler  : Clear tk.mybatis.mapper.util.MsUtil CLASS_CACHE cache.
2020-05-27 15:13:10.865  INFO 9912 --- [main] t.m.m.autoconfigure.MapperCacheDisabler  : Clear tk.mybatis.mapper.genid.GenIdUtil CACHE cache.
2020-05-27 15:13:10.865  INFO 9912 --- [main] t.m.m.autoconfigure.MapperCacheDisabler  : Clear tk.mybatis.mapper.version.VersionUtil CACHE cache.
2020-05-27 15:13:10.872  INFO 9912 --- [main] t.m.m.autoconfigure.MapperCacheDisabler  : Clear EntityHelper entityTableMap cache.
2020-05-27 15:13:11.178  INFO 9912 --- [main] o.s.b.w.embedded.tomcat.TomcatWebServer  : Tomcat started on port(s): 8080 (http) with context path ''
2020-05-27 15:13:11.190  INFO 9912 --- [main] com.aisc.order.CrxOrderApplication       : Started CrxOrderApplication in 3.02 seconds (JVM running for 4.429)
